<?xml version="1.0" encoding="UTF-8"?>
<coverage generated="1677776928561" clover="3.2.0">
  <project timestamp="1677776928562" name="All files">
    <metrics statements="15" coveredstatements="15" conditionals="0" coveredconditionals="0" methods="4" coveredmethods="4" elements="19" coveredelements="19" complexity="0" loc="15" ncloc="15" packages="1" files="1" classes="1"/>
    <file name="methods.js" path="C:\Users\LANZZ\my microverse programming files\My-ToDo-List-1\src\modules\methods.js">
      <metrics statements="15" coveredstatements="15" conditionals="0" coveredconditionals="0" methods="4" coveredmethods="4"/>
      <line num="3" count="1" type="stmt"/>
      <line num="4" count="1" type="stmt"/>
      <line num="5" count="1" type="stmt"/>
      <line num="8" count="1" type="stmt"/>
      <line num="16" count="12" type="stmt"/>
      <line num="17" count="4" type="stmt"/>
      <line num="18" count="4" type="stmt"/>
      <line num="21" count="1" type="stmt"/>
      <line num="24" count="8" type="stmt"/>
      <line num="25" count="8" type="stmt"/>
      <line num="26" count="17" type="stmt"/>
      <line num="27" count="17" type="stmt"/>
      <line num="33" count="8" type="stmt"/>
      <line num="34" count="8" type="stmt"/>
      <line num="37" count="1" type="stmt"/>
    </file>
  </project>
</coverage>
